2024-09-21 13:25:09,566 INFO o.a.j.u.JMeterUtils: Setting Locale to en_EN
2024-09-21 13:25:09,586 INFO o.a.j.JMeter: Loading user properties from: /usr/local/Cellar/jmeter/5.6.3/libexec/bin/user.properties
2024-09-21 13:25:09,586 INFO o.a.j.JMeter: Loading system properties from: /usr/local/Cellar/jmeter/5.6.3/libexec/bin/system.properties
2024-09-21 13:25:09,594 INFO o.a.j.JMeter: Copyright (c) 1998-2024 The Apache Software Foundation
2024-09-21 13:25:09,594 INFO o.a.j.JMeter: Version 5.6.3
2024-09-21 13:25:09,595 INFO o.a.j.JMeter: java.version=21.0.4
2024-09-21 13:25:09,595 INFO o.a.j.JMeter: java.vm.name=OpenJDK 64-Bit Server VM
2024-09-21 13:25:09,595 INFO o.a.j.JMeter: os.name=Mac OS X
2024-09-21 13:25:09,595 INFO o.a.j.JMeter: os.arch=x86_64
2024-09-21 13:25:09,595 INFO o.a.j.JMeter: os.version=12.7.6
2024-09-21 13:25:09,595 INFO o.a.j.JMeter: file.encoding=UTF-8
2024-09-21 13:25:09,595 INFO o.a.j.JMeter: java.awt.headless=null
2024-09-21 13:25:09,596 INFO o.a.j.JMeter: Max memory     =1073741824
2024-09-21 13:25:09,596 INFO o.a.j.JMeter: Available Processors =8
2024-09-21 13:25:09,610 INFO o.a.j.JMeter: Default Locale=English (EN)
2024-09-21 13:25:09,611 INFO o.a.j.JMeter: JMeter  Locale=English (EN)
2024-09-21 13:25:09,611 INFO o.a.j.JMeter: JMeterHome=/usr/local/Cellar/jmeter/5.6.3/libexec
2024-09-21 13:25:09,611 INFO o.a.j.JMeter: user.dir  =/Users/Shan/Desktop/Development/cd1807-Project-Ensuring-Quality-Releases
2024-09-21 13:25:09,611 INFO o.a.j.JMeter: PWD       =/Users/Shan/Desktop/Development/cd1807-Project-Ensuring-Quality-Releases
2024-09-21 13:25:09,619 INFO o.a.j.JMeter: IP: 192.168.0.33 Name: MacBook-Pro FullName: macbook-pro
2024-09-21 13:25:09,633 INFO o.a.j.JMeter: Loaded icon properties from org/apache/jmeter/images/icon.properties
2024-09-21 13:25:11,728 INFO o.a.j.JMeterGuiLauncher: Setting LAF to: com.github.weisj.darklaf.DarkLaf:com.github.weisj.darklaf.theme.DarculaTheme
2024-09-21 13:25:14,187 INFO o.a.j.r.ClassFinder: Will scan jar /usr/local/Cellar/jmeter/5.6.3/libexec/lib/ext/jmeter-plugins-manager-1.9.jar with filter ExtendsClassFilter [parents=[interface org.apache.jmeter.gui.action.Command], inner=false, contains=null, notContains=null]. Consider exposing JMeter plugins via META-INF/services, and add JMeter-Skip-Class-Scanning=true manifest attribute so JMeter can skip classfile scanning
2024-09-21 13:25:14,354 INFO o.a.j.r.ClassFinder: Will scan jar /usr/local/Cellar/jmeter/5.6.3/libexec/lib/ext/jmeter-plugins-manager-1.9.jar with filter ExtendsClassFilter [parents=[interface org.apache.jmeter.gui.plugin.MenuCreator], inner=false, contains=null, notContains=null]. Consider exposing JMeter plugins via META-INF/services, and add JMeter-Skip-Class-Scanning=true manifest attribute so JMeter can skip classfile scanning
2024-09-21 13:25:14,481 INFO o.j.r.JARSourceHTTP: Requesting https://jmeter-plugins.org/repo/?installID=mac_os_x-ba9cc8d24699e308d36cf40b7b13ee0f-gui
2024-09-21 13:25:16,417 INFO o.j.r.PluginManager: Plugins Status: [jpgc-plugins-manager=1.9, jmeter-core=5.6.3, jmeter-ftp=5.6.3, jmeter-http=5.6.3, jmeter-jdbc=5.6.3, jmeter-jms=5.6.3, jmeter-junit=5.6.3, jmeter-java=5.6.3, jmeter-ldap=5.6.3, jmeter-mail=5.6.3, jmeter-mongodb=5.6.3, jmeter-native=5.6.3, jmeter-tcp=5.6.3, jmeter-components=5.6.3]
2024-09-21 13:25:16,418 INFO o.j.r.PluginManagerMenuItem: Plugins Manager has upgrades: [jpgc-plugins-manager]
